<?xml version="1.0" encoding="UTF-8"?>
<!-- Generated by org.testng.reporters.JUnitReportReporter -->
<testsuite skipped="0" hostname="LAPTOP-AMA7L6BO" name="com.demo.testNG_annotations.ScreenshotGoogle" tests="1" failures="0" timestamp="6 Dec 2016 06:27:39 GMT" time="11.116" errors="0">
  <testcase name="TestJavaS1" time="11.116" classname="com.demo.testNG_annotations.ScreenshotGoogle"/>
</testsuite> <!-- com.demo.testNG_annotations.ScreenshotGoogle -->
